
===== cycle 1 | 2026-03-20T11:50:29.039953 =====
https://advertising.amazon.fr/?ref=footer_advtsing_fr
https://advertising.amazon.fr/products-self-serve?ref_=ext_amzn_ftr
https://aws.amazon.com/fr/what-is-cloud-computing/?sc_channel=EL&sc_campaign=FR_amazonfooter
https://durabilite.aboutamazon.fr/?utm_source=gateway&utm_medium=footer&ref_=susty_footer
https://images-eu.ssl-images-amazon.com/
https://kdp.amazon.com/?language=fr_FR
https://m.media-amazon.com/
https://m.media-amazon.com/images/I/11T9EXq1JNL._RC%7C01cxwTawfML.css,419tPwfMJ9L.css,318xXDa9Z-L.css,21JMC7OC91L.css,01xH+fhFIJL.css,01EJgRrSvHL.css,413Vvv3GONL.css,1170nDgl0uL.css,01Rw4F+QU6L.css,11NeGmEx+fL.css,01LmAy9LJTL.css,01IdKcBuAdL.css,01iHqjS7YfL.css,01eVBHHaY+L.css,21D3IemrALL.css,11pDJV08stL.css,51yqRfvysvL.css,01HWrzt-WgL.css,01XPHJk60-L.css,11aX6hlPzjL.css,01GAxF7K5tL.css,01ZM-s8Z3xL.css,21gEzBqpmtL.css,11CFYS0t4PL.css,21TxBPhrLyL.css,21Dt9D2TuML.css,31GD5I7tbCL.css,111h7n9dRnL.css,31Qk3MvcMIL.css,11PDZ29p-PL.css,11kbPm9N5xL.css,215WpAjwzoL.css,11sUwulETuL.css,114aTS6SjML.css,01xFKTPySiL.css,21GcfcmbahL.css,21OD8FuBraL.css,11XozyxiH7L.css,21n1oEPZnHL.css,11HVvPbE6JL.css,119Cktja74L.css,11PMguLK6gL.css,01890+Vwk8L.css,11sjvwOAToL.css,01qiwJ7qDfL.css,21AS3Iv3HQL.css,016mfgi+D2L.css,01VinDhK+DL.css,31un+UKeIeL.css,21msrr4h2yL.css,013-xYw+SRL.css_.css?AUIClients/AmazonUI#fr.not-trident
https://m.media-amazon.com/images/I/11wZer7figL.css?AUIClients/WebFlowIngressJs
https://m.media-amazon.com/images/I/21skJF47J6L._RC%7C51Y8Xg9itbL.css_.css?AUIClients/AmazonUI
https://m.media-amazon.com/images/I/51Z+KEXTo4L.css
https://m.media-amazon.com/images/I/51waPb-h-9L._RC%7C71kZiQj-9OL.css,416EF9fibnL.css,61Y1VJ73wqL.css,5129jh4wl0L.css,31+t0vmVjPL.css,01FcI3FsaiL.css,21Hc1s0-E4L.css,31YZpDCYJPL.css,2136WiHLTBL.css,41vWFCvFunL.css,21CB9R4dxNL.css,111Bp55OByL.css,01Acb9NWohL.css,21KQnzhmfTL.css,41bqNBi+QSL.css,A19qKUoB3GL.css,01NLp3ZKNoL.css_.css?AUIClients/NavDesktopUberAsset#desktop.language-fr.1173010-T1.1280608-T1.1126664-T1.1253326-T1.1236111-T1.1189111-T1
https://music.amazon.fr/?ref=dm_aff_amz_fr
https://music.amazon.fr/?ref=nav_youraccount_cldplyr
https://partenaires.amazon.fr/
https://pay.amazon.com/fr?ld=AWREFRAPAFooter
https://sell.amazon.fr/proprietaires-de-marques/?ref_=AOFRABRLGNRFOOT&ld=AZFRBrandRegFooter#inscrivez-votre-marque
https://sell.amazon.fr/vendre-sur-internet?refTag=sell&ld=AZFRSOA_flyout
https://services.amazon.fr/handmade.htm?ref=azfrsoafoo&ld=AZFRHNDFooter
https://services.amazon.fr/sell.html?ld=AZFRSOAFooter&ref_=sdfr_soa
https://services.amazon.fr/services/expedie-par-amazon/outils-et-avantages.html/ref=az_fr_fba_ft?ld=AZFRFBAFooter
https://services.amazon.fr/services/vendre-aux-professionnels/avantages.html?ref=azfrb2brf&ld=AZFRB2BRetailFooter
https://supply.amazon.com/?ref_=footer_sta&lang=fr-FR
https://www.abebooks.fr/
https://www.amazon.fr/?_encoding=UTF8&ref_=footer_logo
https://www.amazon.fr/Amazon-Custom/b/?ie=UTF8&node=14578059031&ref_=nav_cs_custom
https://www.amazon.fr/Aspirateur-Puissant-Rechargeable-Anti-Enm%C3%AAlement-Am%C3%A9lior%C3%A9e/dp/B0F13KXRG8?ref=dlx_deals_dg_dcl_B0F13KXRG8_dt_sl14_fc&pf_rd_r=T3Q36H18R1FH6WRA7Z3T&pf_rd_p=ff893dfe-5c61-4030-937b-47b39a1c58fc
https://www.amazon.fr/Aspirateur-Puissant-Rechargeable-Anti-Enm%C3%AAlement-Am%C3%A9lior%C3%A9e/dp/B0F13KXRG8?ref=dlx_deals_dg_dcl_B0F13KXRG8_dt_sl14_fc_csml&pf_rd_r=T3Q36H18R1FH6WRA7Z3T&pf_rd_p=ff893dfe-5c61-4030-937b-47b39a1c58fc
https://www.amazon.fr/Aspirateur-Puissant-Rechargeable-Anti-Enm%C3%AAlement-Am%C3%A9lior%C3%A9e/dp/B0F13KXRG8?ref=dlx_deals_dg_dcl_B0F13KXRG8_dt_sl14_fc_pi&pf_rd_r=T3Q36H18R1FH6WRA7Z3T&pf_rd_p=ff893dfe-5c61-4030-937b-47b39a1c58fc
https://www.amazon.fr/CORSAIR-Vengeance-6000MHz-Informatique-Compatible/dp/B0CJ8ZJPF3?ref=dlx_deals_dg_dcl_B0CJ8ZJPF3_dt_sl14_fc&pf_rd_r=T3Q36H18R1FH6WRA7Z3T&pf_rd_p=ff893dfe-5c61-4030-937b-47b39a1c58fc
https://www.amazon.fr/CORSAIR-Vengeance-6000MHz-Informatique-Compatible/dp/B0CJ8ZJPF3?ref=dlx_deals_dg_dcl_B0CJ8ZJPF3_dt_sl14_fc_csml&pf_rd_r=T3Q36H18R1FH6WRA7Z3T&pf_rd_p=ff893dfe-5c61-4030-937b-47b39a1c58fc
https://www.amazon.fr/CORSAIR-Vengeance-6000MHz-Informatique-Compatible/dp/B0CJ8ZJPF3?ref=dlx_deals_dg_dcl_B0CJ8ZJPF3_dt_sl14_fc_pi&pf_rd_r=T3Q36H18R1FH6WRA7Z3T&pf_rd_p=ff893dfe-5c61-4030-937b-47b39a1c58fc
https://www.amazon.fr/CORSAIR-Vengeance-6000MHz-Informatique-Compatible/dp/B0CQQTR1ZV?ref=dlx_deals_dg_dcl_B0CQQTR1ZV_dt_sl14_fc&pf_rd_r=T3Q36H18R1FH6WRA7Z3T&pf_rd_p=ff893dfe-5c61-4030-937b-47b39a1c58fc
https://www.amazon.fr/CORSAIR-Vengeance-6000MHz-Informatique-Compatible/dp/B0CQQTR1ZV?ref=dlx_deals_dg_dcl_B0CQQTR1ZV_dt_sl14_fc_pi&pf_rd_r=T3Q36H18R1FH6WRA7Z3T&pf_rd_p=ff893dfe-5c61-4030-937b-47b39a1c58fc
https://www.amazon.fr/CORSAIR-dordinateur-compatible-Vengeance-CMK32GX5M2E6000Z36/dp/B0CJ8ZHMVF?ref=dlx_deals_dg_dcl_B0CJ8ZHMVF_dt_sl14_fc&pf_rd_r=T3Q36H18R1FH6WRA7Z3T&pf_rd_p=ff893dfe-5c61-4030-937b-47b39a1c58fc
https://www.amazon.fr/CORSAIR-dordinateur-compatible-Vengeance-CMK32GX5M2E6000Z36/dp/B0CJ8ZHMVF?ref=dlx_deals_dg_dcl_B0CJ8ZHMVF_dt_sl14_fc_pi&pf_rd_r=T3Q36H18R1FH6WRA7Z3T&pf_rd_p=ff893dfe-5c61-4030-937b-47b39a1c58fc
https://www.amazon.fr/Calor-GV9560C0-Centrale-Ultimate-Pression/dp/B075LK75PS?ref=dlx_deals_dg_dcl_B075LK75PS_dt_sl14_fc&pf_rd_r=T3Q36H18R1FH6WRA7Z3T&pf_rd_p=ff893dfe-5c61-4030-937b-47b39a1c58fc
https://www.amazon.fr/Calor-GV9560C0-Centrale-Ultimate-Pression/dp/B075LK75PS?ref=dlx_deals_dg_dcl_B075LK75PS_dt_sl14_fc_csml&pf_rd_r=T3Q36H18R1FH6WRA7Z3T&pf_rd_p=ff893dfe-5c61-4030-937b-47b39a1c58fc
https://www.amazon.fr/Calor-GV9560C0-Centrale-Ultimate-Pression/dp/B075LK75PS?ref=dlx_deals_dg_dcl_B075LK75PS_dt_sl14_fc_pi&pf_rd_r=T3Q36H18R1FH6WRA7Z3T&pf_rd_p=ff893dfe-5c61-4030-937b-47b39a1c58fc
https://www.amazon.fr/Insta360-Invisible-rempla%C3%A7ables-dautonomie-stabilisation/dp/B0DZCBYCNY?ref=dlx_deals_dg_dcl_B0DZCBYCNY_dt_sl14_fc&pf_rd_r=T3Q36H18R1FH6WRA7Z3T&pf_rd_p=ff893dfe-5c61-4030-937b-47b39a1c58fc
https://www.amazon.fr/Insta360-Invisible-rempla%C3%A7ables-dautonomie-stabilisation/dp/B0DZCBYCNY?ref=dlx_deals_dg_dcl_B0DZCBYCNY_dt_sl14_fc_pi&pf_rd_r=T3Q36H18R1FH6WRA7Z3T&pf_rd_p=ff893dfe-5c61-4030-937b-47b39a1c58fc
https://www.amazon.fr/Lauthentique-Philips-Genuine-OneBlade-360/dp/B0CVXRFT15?ref=dlx_deals_dg_dcl_B0CVXRFT15_dt_sl14_fc&pf_rd_r=T3Q36H18R1FH6WRA7Z3T&pf_rd_p=ff893dfe-5c61-4030-937b-47b39a1c58fc
https://www.amazon.fr/Lauthentique-Philips-Genuine-OneBlade-360/dp/B0CVXRFT15?ref=dlx_deals_dg_dcl_B0CVXRFT15_dt_sl14_fc_pi&pf_rd_r=T3Q36H18R1FH6WRA7Z3T&pf_rd_p=ff893dfe-5c61-4030-937b-47b39a1c58fc
https://www.amazon.fr/MAMMOTION-P%C3%A9rim%C3%A9trique-Traitement-Cartographie-Multi-Zones/dp/B0GCCLW2PL?ref=dlx_deals_dg_dcl_B0GCCLW2PL_dt_sl14_fc&pf_rd_r=T3Q36H18R1FH6WRA7Z3T&pf_rd_p=ff893dfe-5c61-4030-937b-47b39a1c58fc
https://www.amazon.fr/MAMMOTION-P%C3%A9rim%C3%A9trique-Traitement-Cartographie-Multi-Zones/dp/B0GCCLW2PL?ref=dlx_deals_dg_dcl_B0GCCLW2PL_dt_sl14_fc_pi&pf_rd_r=T3Q36H18R1FH6WRA7Z3T&pf_rd_p=ff893dfe-5c61-4030-937b-47b39a1c58fc
https://www.amazon.fr/NINJA-Cappuccino-Infusion-pr%C3%A9r%C3%A9glages-ES701EU/dp/B0DFCSJF35?ref=dlx_deals_dg_dcl_B0DFCSJF35_dt_sl14_fc&pf_rd_r=T3Q36H18R1FH6WRA7Z3T&pf_rd_p=ff893dfe-5c61-4030-937b-47b39a1c58fc
https://www.amazon.fr/NINJA-Cappuccino-Infusion-pr%C3%A9r%C3%A9glages-ES701EU/dp/B0DFCSJF35?ref=dlx_deals_dg_dcl_B0DFCSJF35_dt_sl14_fc_pi&pf_rd_r=T3Q36H18R1FH6WRA7Z3T&pf_rd_p=ff893dfe-5c61-4030-937b-47b39a1c58fc
https://www.amazon.fr/Pampers-Protection-Ingr%C3%A9dients-Emballage-Recyclable/dp/B0BLW24GPJ?ref=dlx_deals_dg_dcl_B0BLW24GPJ_dt_sl14_fc&pf_rd_r=T3Q36H18R1FH6WRA7Z3T&pf_rd_p=ff893dfe-5c61-4030-937b-47b39a1c58fc
https://www.amazon.fr/Pampers-Protection-Ingr%C3%A9dients-Emballage-Recyclable/dp/B0BLW24GPJ?ref=dlx_deals_dg_dcl_B0BLW24GPJ_dt_sl14_fc_pi&pf_rd_r=T3Q36H18R1FH6WRA7Z3T&pf_rd_p=ff893dfe-5c61-4030-937b-47b39a1c58fc
https://www.amazon.fr/Parfums-cosm%C3%A9tiques/b/?ie=UTF8&node=197858031&ref_=nav_cs_beauty
https://www.amazon.fr/Philips-Authentique-%C3%A9lectrique-QP2724-31/dp/B0DCFP3Z14?ref=dlx_deals_dg_dcl_B0DCFP3Z14_dt_sl14_fc&pf_rd_r=T3Q36H18R1FH6WRA7Z3T&pf_rd_p=ff893dfe-5c61-4030-937b-47b39a1c58fc
https://www.amazon.fr/Philips-Authentique-%C3%A9lectrique-QP2724-31/dp/B0DCFP3Z14?ref=dlx_deals_dg_dcl_B0DCFP3Z14_dt_sl14_fc_pi&pf_rd_r=T3Q36H18R1FH6WRA7Z3T&pf_rd_p=ff893dfe-5c61-4030-937b-47b39a1c58fc
https://www.amazon.fr/Sonos-Beam-Gen-Intelligente-Noir/dp/B09B13XFGY?ref=dlx_deals_dg_dcl_B09B13XFGY_dt_sl14_fc&pf_rd_r=T3Q36H18R1FH6WRA7Z3T&pf_rd_p=ff893dfe-5c61-4030-937b-47b39a1c58fc
https://www.amazon.fr/Sonos-Beam-Gen-Intelligente-Noir/dp/B09B13XFGY?ref=dlx_deals_dg_dcl_B09B13XFGY_dt_sl14_fc_cs&pf_rd_r=T3Q36H18R1FH6WRA7Z3T&pf_rd_p=ff893dfe-5c61-4030-937b-47b39a1c58fc
https://www.amazon.fr/Sonos-Beam-Gen-Intelligente-Noir/dp/B09B13XFGY?ref=dlx_deals_dg_dcl_B09B13XFGY_dt_sl14_fc_pi&pf_rd_r=T3Q36H18R1FH6WRA7Z3T&pf_rd_p=ff893dfe-5c61-4030-937b-47b39a1c58fc
https://www.amazon.fr/Voiture-et-moto/b/?ie=UTF8&node=1571265031&ref_=nav_cs_automotive
https://www.amazon.fr/X8-Pro-Smartphone-Ultra-Lumineux-suppl%C3%A9mentaire/dp/B0GHNGFXP5?ref=dlx_deals_dg_dcl_B0GHNGFXP5_dt_sl14_fc&pf_rd_r=T3Q36H18R1FH6WRA7Z3T&pf_rd_p=ff893dfe-5c61-4030-937b-47b39a1c58fc
https://www.amazon.fr/X8-Pro-Smartphone-Ultra-Lumineux-suppl%C3%A9mentaire/dp/B0GHNGFXP5?ref=dlx_deals_dg_dcl_B0GHNGFXP5_dt_sl14_fc_csml&pf_rd_r=T3Q36H18R1FH6WRA7Z3T&pf_rd_p=ff893dfe-5c61-4030-937b-47b39a1c58fc
https://www.amazon.fr/X8-Pro-Smartphone-Ultra-Lumineux-suppl%C3%A9mentaire/dp/B0GHNGFXP5?ref=dlx_deals_dg_dcl_B0GHNGFXP5_dt_sl14_fc_pi&pf_rd_r=T3Q36H18R1FH6WRA7Z3T&pf_rd_p=ff893dfe-5c61-4030-937b-47b39a1c58fc
https://www.amazon.fr/Xbox-Manette-sans-Fil-Windows/dp/B0F2NC69KK?ref=dlx_deals_dg_dcl_B0F2NC69KK_dt_sl14_fc&pf_rd_r=T3Q36H18R1FH6WRA7Z3T&pf_rd_p=ff893dfe-5c61-4030-937b-47b39a1c58fc
https://www.amazon.fr/Xbox-Manette-sans-Fil-Windows/dp/B0F2NC69KK?ref=dlx_deals_dg_dcl_B0F2NC69KK_dt_sl14_fc_cs&pf_rd_r=T3Q36H18R1FH6WRA7Z3T&pf_rd_p=ff893dfe-5c61-4030-937b-47b39a1c58fc
https://www.amazon.fr/Xbox-Manette-sans-Fil-Windows/dp/B0F2NC69KK?ref=dlx_deals_dg_dcl_B0F2NC69KK_dt_sl14_fc_csml&pf_rd_r=T3Q36H18R1FH6WRA7Z3T&pf_rd_p=ff893dfe-5c61-4030-937b-47b39a1c58fc
https://www.amazon.fr/Xbox-Manette-sans-Fil-Windows/dp/B0F2NC69KK?ref=dlx_deals_dg_dcl_B0F2NC69KK_dt_sl14_fc_pi&pf_rd_r=T3Q36H18R1FH6WRA7Z3T&pf_rd_p=ff893dfe-5c61-4030-937b-47b39a1c58fc
https://www.amazon.fr/alm/storefront?almBrandId=TW9ub3ByaXg&ref_=nav_cs_monop
https://www.amazon.fr/amazonbasics/?field-lbr_brands_browse-bin=AmazonBasics&ref_=nav_cs_amazonbasics
https://www.amazon.fr/ap/register?openid.mode=checkid_setup&openid.ns=http%3A%2F%2Fspecs.openid.net%2Fauth%2F2.0&openid.return_to=https%3A%2F%2Fwww.amazon.fr%2Fref%3Drhf_sign_in&openid.assoc_handle=frflex
https://www.amazon.fr/ap/register?openid.pape.max_auth_age=0&openid.return_to=https%3A%2F%2Fwww.amazon.fr%2Fdeals%2F%3F_encoding%3DUTF8%26ref_%3Dnav_newcust&openid.identity=http%3A%2F%2Fspecs.openid.net%2Fauth%2F2.0%2Fidentifier_select&openid.assoc_handle=frflex&openid.mode=checkid_setup&openid.claimed_id=http%3A%2F%2Fspecs.openid.net%2Fauth%2F2.0%2Fidentifier_select&openid.ns=http%3A%2F%2Fspecs.openid.net%2Fauth%2F2.0
https://www.amazon.fr/ap/signin?openid.mode=checkid_setup&openid.ns=http%3A%2F%2Fspecs.openid.net%2Fauth%2F2.0&openid.return_to=https%3A%2F%2Fwww.amazon.fr%2Fref%3Drhf_sign_in&openid.assoc_handle=frflex&openid.pape.max_auth_age=0
https://www.amazon.fr/ap/signin?openid.pape.max_auth_age=0&openid.return_to=https%3A%2F%2Fwww.amazon.fr%2Fdeals%3Fref_%3Dnav_signin&openid.identity=http%3A%2F%2Fspecs.openid.net%2Fauth%2F2.0%2Fidentifier_select&openid.assoc_handle=frflex&openid.mode=checkid_setup&openid.claimed_id=http%3A%2F%2Fspecs.openid.net%2Fauth%2F2.0%2Fidentifier_select&openid.ns=http%3A%2F%2Fspecs.openid.net%2Fauth%2F2.0
https://www.amazon.fr/ap/signin?openid.pape.max_auth_age=0&openid.return_to=https%3A%2F%2Fwww.amazon.fr%2Fdeals%3Fref_%3Dnav_ya_signin&openid.identity=http%3A%2F%2Fspecs.openid.net%2Fauth%2F2.0%2Fidentifier_select&openid.assoc_handle=frflex&openid.mode=checkid_setup&openid.claimed_id=http%3A%2F%2Fspecs.openid.net%2Fauth%2F2.0%2Fidentifier_select&openid.ns=http%3A%2F%2Fspecs.openid.net%2Fauth%2F2.0
https://www.amazon.fr/auto-deliveries/landing?ref_=nav_cs_sns
https://www.amazon.fr/auto-deliveries?ref_=nav_AccountFlyout_sns
https://www.amazon.fr/b/?ie=UTF8&node=10675213031&ref_=sv_x_8
https://www.amazon.fr/b/?ie=UTF8&node=12123563031&ref_=sv_x_7
https://www.amazon.fr/b/?ie=UTF8&node=1325595031&ref_=sv_x_4
https://www.amazon.fr/b/?ie=UTF8&node=2383619031&ref_=sv_x_6
https://www.amazon.fr/b/?ie=UTF8&node=5853980031&ref_=sv_x_5
https://www.amazon.fr/b/?node=14839058031&ref_=nav_cs_shoppertoolkit
https://www.amazon.fr/b/?node=17751878031
https://www.amazon.fr/b/?node=2383619031&ld=AZFRGNOSellC&ref_=nav_cs_sell
https://www.amazon.fr/baby-reg/homepage?ref_=nav_ListFlyout_gno_listpop_br
https://www.amazon.fr/bebe-puericulture/b/?ie=UTF8&node=206617031&ref_=nav_cs_baby
https://www.amazon.fr/cheques-cartes-cadeaux/b/?ie=UTF8&node=2524127031&ref_=nav_cs_gc
https://www.amazon.fr/coupons/?_encoding=UTF8&ref_=sv_x_2
https://www.amazon.fr/cuisine-maison-%C3%A9lectrom%C3%A9nager/b/?ie=UTF8&node=57004031&ref_=nav_cs_home
https://www.amazon.fr/customer-preferences/country?ie=UTF8&preferencesReturnUrl=%2Fdeals%3Fref_%3Dnav_cs_gb&ref_=footer_icp_cp
https://www.amazon.fr/customer-preferences/edit?ie=UTF8&preferencesReturnUrl=%2F&ref_=footer_lang
https://www.amazon.fr/customer-preferences/edit?ie=UTF8&preferencesReturnUrl=%2F&ref_=topnav_lang
https://www.amazon.fr/deals?ref_=nav_cs_gb
https://www.amazon.fr/deals?ref_=nav_cs_gb#skippedLink
https://www.amazon.fr/discover?ref_=nav_ListFlyout_sbl
https://www.amazon.fr/dp/B08HYJJ7TY?plattr=ACOMFO&ie=UTF-8&ref_=b2b_sow_sbcc_fr_acom_omp_na_footer_nca_202112
https://www.amazon.fr/dp/B09B14LPN3?ref=dlx_deals_dg_dcl_B09B14LPN3_dt_sl14_fc_cs&pf_rd_r=T3Q36H18R1FH6WRA7Z3T&pf_rd_p=ff893dfe-5c61-4030-937b-47b39a1c58fc
https://www.amazon.fr/dp/B0F2N5WHT7?ref=dlx_deals_dg_dcl_B0F2N5WHT7_dt_sl14_fc_cs&pf_rd_r=T3Q36H18R1FH6WRA7Z3T&pf_rd_p=ff893dfe-5c61-4030-937b-47b39a1c58fc
https://www.amazon.fr/dp/B0F2N88V46?ref=dlx_deals_dg_dcl_B0F2N88V46_dt_sl14_fc_cs&pf_rd_r=T3Q36H18R1FH6WRA7Z3T&pf_rd_p=ff893dfe-5c61-4030-937b-47b39a1c58fc
https://www.amazon.fr/dp/B0F2Q8S4HN?ref=dlx_deals_dg_dcl_B0F2Q8S4HN_dt_sl14_fc_cs&pf_rd_r=T3Q36H18R1FH6WRA7Z3T&pf_rd_p=ff893dfe-5c61-4030-937b-47b39a1c58fc
https://www.amazon.fr/dp/B0FKGT9YN6?ref=dlx_deals_dg_dcl_B0FKGT9YN6_dt_sl14_fc_cs&pf_rd_r=T3Q36H18R1FH6WRA7Z3T&pf_rd_p=ff893dfe-5c61-4030-937b-47b39a1c58fc
https://www.amazon.fr/dp/B0FKGVK6KK?ref=dlx_deals_dg_dcl_B0FKGVK6KK_dt_sl14_fc_cs&pf_rd_r=T3Q36H18R1FH6WRA7Z3T&pf_rd_p=ff893dfe-5c61-4030-937b-47b39a1c58fc
https://www.amazon.fr/ebooks-kindle/b/?ie=UTF8&node=695398031&ref_=nav_cs_kindle_books
https://www.amazon.fr/events/deals
https://www.amazon.fr/fmc/everyday-essentials?ref_=nav_cs_ee
https://www.amazon.fr/gp/bestsellers/?ie=UTF8&ref_=sv_x_3
https://www.amazon.fr/gp/bestsellers/?ref_=nav_cs_bestsellers
https://www.amazon.fr/gp/browse.html/?node=27173183031&ref_=nav_cs_freeshipping
https://www.amazon.fr/gp/browse.html?node=11961521031&ref_=nav_cs_fashion
https://www.amazon.fr/gp/browse.html?node=14310146031&ref_=nav_AccountFlyout_frb2b_reg_bottom
https://www.amazon.fr/gp/browse.html?node=14310146031&ref_=nav_footer_business
https://www.amazon.fr/gp/browse.html?node=15420612031&ref_=footer_purchase_code
https://www.amazon.fr/gp/browse.html?node=15933160031&ref_=footer_4xcb
https://www.amazon.fr/gp/browse.html?node=202589011&ref_=footer_gw_m_b_careers
https://www.amazon.fr/gp/browse.html?node=22380237031&ref_=footer_disposal
https://www.amazon.fr/gp/browse.html?node=2524127031&ref_=footer_giftcards
https://www.amazon.fr/gp/browse.html?node=3581943031&ref_=footer_wrhsdls
https://www.amazon.fr/gp/browse.html?node=541319031&ref_=footer_mobapp
https://www.amazon.fr/gp/browse.html?node=98209018031&ref_=nav_cs_sadFR1
https://www.amazon.fr/gp/cart/view.html?ref_=nav_cart
https://www.amazon.fr/gp/css/homepage.html?ref_=nav_AccountFlyout_ya
https://www.amazon.fr/gp/css/order-history?ref_=footer_hp_ss_comp_tmp
https://www.amazon.fr/gp/css/order-history?ref_=nav_AccountFlyout_orders
https://www.amazon.fr/gp/css/order-history?ref_=nav_orders_first
https://www.amazon.fr/gp/css/returns/homepage.html?ref_=footer_hy_f_4
https://www.amazon.fr/gp/gc/create?ref_=footer_reload
https://www.amazon.fr/gp/help/customer/display.html?nodeId=200233750&ref_=footer_tfx
https://www.amazon.fr/gp/help/customer/display.html?nodeId=201267600&ref_=footer_payment
https://www.amazon.fr/gp/help/customer/display.html?nodeId=201843130&ref_=footer_gw_legalg
https://www.amazon.fr/gp/help/customer/display.html?nodeId=201890250&ref_=footer_cookies_notice
https://www.amazon.fr/gp/help/customer/display.html?nodeId=201909000&ref_=footer_cou
https://www.amazon.fr/gp/help/customer/display.html?nodeId=201909010&ref_=footer_privacy
https://www.amazon.fr/gp/help/customer/display.html?nodeId=201909150&ref_=footer_Interest_Based_Ads_Notice
https://www.amazon.fr/gp/help/customer/display.html?nodeId=508510&ref_=nav_cs_help
https://www.amazon.fr/gp/help/customer/display.html?nodeId=548566&ref_=footer_shiprates
https://www.amazon.fr/gp/help/customer/display.html?nodeId=559912&ref_=footer_gw_m_b_cs
https://www.amazon.fr/gp/help/customer/display.html?nodeId=GE2WLMMQBF4T5WMN&ref_=footer_info_mkpl
https://www.amazon.fr/gp/help/customer/display.html?nodeId=GUUVBZ8WGVFP8R8X&ref_=footer_gw_access
https://www.amazon.fr/gp/help/customer/display.html?nodeId=TLtMJsPGBmJPpN3hvy&ref_=footer_report_illegal_content
https://www.amazon.fr/gp/history
https://www.amazon.fr/gp/kindle/ku/ku_central?ref_=nav_AccountFlyout_ku
https://www.amazon.fr/gp/mas/your-account/myapps?ref_=nav_AccountFlyout_aad
https://www.amazon.fr/gp/new-releases/?ref_=nav_cs_newreleases
https://www.amazon.fr/gp/primecentral?ref_=nav_AccountFlyout_prime
https://www.amazon.fr/gp/subs/primeclub/signup/main.html?ref_=footer_prime
https://www.amazon.fr/gp/swvgdtt/your-account/manage-downloads.html?ref_=nav_AccountFlyout_gsl
https://www.amazon.fr/gp/video/ssoredirect?pvp=/ref%3Ddvm_crs_gno_fr_xs_s_dk_nav_eg_al_yracc_0_u&ref_=nav_AccountFlyout_dvm_crs_gno_fr_xs_s_dk_nav_eg_al_yracc_0_u
https://www.amazon.fr/gp/yourstore?ref_=nav_AccountFlyout_recs
https://www.amazon.fr/haul/store?ref_=nav_cs_hul_disb
https://www.amazon.fr/hygi%C3%A8ne-sant%C3%A9-soins-du-corps/b/?ie=UTF8&node=197861031&ref_=nav_cs_hpc
https://www.amazon.fr/hz/mobile/mission?ref_=nav_AccountFlyout_ci_mcx_mi_d_nf
https://www.amazon.fr/hz/mycd/myx?pageType=content&ref_=nav_AccountFlyout_myk
https://www.amazon.fr/hz/wishlist/ls?requiresSignIn=1&ref_=nav_AccountFlyout_wl
https://www.amazon.fr/hz/wishlist/ls?triggerElementID=createList&ref_=nav_ListFlyout_navFlyout_createList_lv_redirect
https://www.amazon.fr/hz5/yourmembershipsandsubscriptions?ref_=nav_AccountFlyout_digital_subscriptions
https://www.amazon.fr/i205-AWD-p%C3%A9riph%C3%A9rique-Cartographie-Automatique/dp/B0GDYQRV3Q?ref=dlx_deals_dg_dcl_B0GDYQRV3Q_dt_sl14_fc&pf_rd_r=T3Q36H18R1FH6WRA7Z3T&pf_rd_p=ff893dfe-5c61-4030-937b-47b39a1c58fc
https://www.amazon.fr/i205-AWD-p%C3%A9riph%C3%A9rique-Cartographie-Automatique/dp/B0GDYQRV3Q?ref=dlx_deals_dg_dcl_B0GDYQRV3Q_dt_sl14_fc_pi&pf_rd_r=T3Q36H18R1FH6WRA7Z3T&pf_rd_p=ff893dfe-5c61-4030-937b-47b39a1c58fc
https://www.amazon.fr/informatique-ordinateurs-imprimantes-r%C3%A9seaux-composants/b/?ie=UTF8&node=340858031&ref_=nav_cs_pc
https://www.amazon.fr/jeux-jouets/b/?ie=UTF8&node=322086011&ref_=nav_cs_toys
https://www.amazon.fr/jeux-video-consoles-portables-accessoires-pc/b/?ie=UTF8&node=530490&ref_=nav_cs_video_games
https://www.amazon.fr/livre-achat-occasion-litterature-roman/b/?ie=UTF8&node=301061&ref_=nav_cs_books
https://www.amazon.fr/p/feature/k6wxgxw88w7z78q?ref_=footer_cs_nav_bn_ab
https://www.amazon.fr/photo-TV-mp3-Hifi-GPS/b/?ie=UTF8&node=13921051&ref_=nav_cs_electronics
https://www.amazon.fr/photos?ref_=nav_AccountFlyout_photos
https://www.amazon.fr/prime?ref_=nav_cs_primelink_nonmember
https://www.amazon.fr/promotions-bons-plans/b/?ie=UTF8&node=51375011&ref_=topnav_storetab_x
https://www.amazon.fr/ref=nav_logo
https://www.amazon.fr/registries?ref_=nav_footer_registry_giftlist_desktop
https://www.amazon.fr/ring-stick-up-cam-plug-in/dp/B0C5QXCP7Z?ref=dlx_deals_dg_dcl_B0C5QXCP7Z_dt_sl14_fc&pf_rd_r=T3Q36H18R1FH6WRA7Z3T&pf_rd_p=ff893dfe-5c61-4030-937b-47b39a1c58fc
https://www.amazon.fr/ring-stick-up-cam-plug-in/dp/B0C5QXCP7Z?ref=dlx_deals_dg_dcl_B0C5QXCP7Z_dt_sl14_fc_pi&pf_rd_r=T3Q36H18R1FH6WRA7Z3T&pf_rd_p=ff893dfe-5c61-4030-937b-47b39a1c58fc
https://www.amazon.fr/roborock-35A-Multifonctionnelle-Anti-enchev%C3%AAtrement-Cartographie/dp/B0DQPVLXF8?ref=dlx_deals_dg_dcl_B0DQPVLXF8_dt_sl14_fc&pf_rd_r=T3Q36H18R1FH6WRA7Z3T&pf_rd_p=ff893dfe-5c61-4030-937b-47b39a1c58fc
https://www.amazon.fr/roborock-35A-Multifonctionnelle-Anti-enchev%C3%AAtrement-Cartographie/dp/B0DQPVLXF8?ref=dlx_deals_dg_dcl_B0DQPVLXF8_dt_sl14_fc_pi&pf_rd_r=T3Q36H18R1FH6WRA7Z3T&pf_rd_p=ff893dfe-5c61-4030-937b-47b39a1c58fc
https://www.amazon.fr/roborock-Aspirateur-Automatique-Anti-emm%C3%AAlement-Cartographie/dp/B0DWK848K8?ref=dlx_deals_dg_dcl_B0DWK848K8_dt_sl14_fc&pf_rd_r=T3Q36H18R1FH6WRA7Z3T&pf_rd_p=ff893dfe-5c61-4030-937b-47b39a1c58fc
https://www.amazon.fr/roborock-Aspirateur-Automatique-Anti-emm%C3%AAlement-Cartographie/dp/B0DWK848K8?ref=dlx_deals_dg_dcl_B0DWK848K8_dt_sl14_fc_pi&pf_rd_r=T3Q36H18R1FH6WRA7Z3T&pf_rd_p=ff893dfe-5c61-4030-937b-47b39a1c58fc
https://www.amazon.fr/selection-outlet/b/?ie=UTF8&node=10056877031&ref_=sv_x_1
https://www.amazon.fr/showroom?ref_=nav_ListFlyout_srm_your_desk_wl_fr
https://www.amazon.fr/sports-loisirs-fitness/b/?ie=UTF8&node=325614031&ref_=nav_cs_sports
https://www.amazon.fr/super/?_encoding=UTF8&ref_=sv_x_9
https://www.amazon.fr/wedding/home?ref_=nav_ListFlyout_gno_listpop_wr
https://www.amazon.fr/your-product-safety-alerts?ref_=footer_bsx_ypsa
https://www.amazon.fr/yourpets?ref_=nav_AccountFlyout_ya_pp
https://www.amazon.science/
https://www.audible.fr/
https://www.shopbop.com/fr/welcome

===== cycle 2 | 2026-03-20T11:51:44.626943 =====
https://www.amazon.fr/ARENTI-Cam%C3%A9ra-s%C3%A9curit%C3%A9-int%C3%A9rieure%EF%BC%881-1%EF%BC%89/dp/B0CMQPX7KW?ref=dlx_deals_dg_dcl_B0CMQPX7KW_dt_sl14_fc&pf_rd_r=GM0EDM2RMRG1GP4GEPAX&pf_rd_p=ff893dfe-5c61-4030-937b-47b39a1c58fc
https://www.amazon.fr/ARENTI-Cam%C3%A9ra-s%C3%A9curit%C3%A9-int%C3%A9rieure%EF%BC%881-1%EF%BC%89/dp/B0CMQPX7KW?ref=dlx_deals_dg_dcl_B0CMQPX7KW_dt_sl14_fc_pi&pf_rd_r=GM0EDM2RMRG1GP4GEPAX&pf_rd_p=ff893dfe-5c61-4030-937b-47b39a1c58fc
https://www.amazon.fr/Chariot-amovible-escaliers-poussette-r%C3%A9frig%C3%A9rant/dp/B09PRSNRHP?ref=dlx_deals_dg_dcl_B09PRSNRHP_dt_sl14_fc&pf_rd_r=GM0EDM2RMRG1GP4GEPAX&pf_rd_p=ff893dfe-5c61-4030-937b-47b39a1c58fc
https://www.amazon.fr/Chariot-amovible-escaliers-poussette-r%C3%A9frig%C3%A9rant/dp/B09PRSNRHP?ref=dlx_deals_dg_dcl_B09PRSNRHP_dt_sl14_fc_cs&pf_rd_r=GM0EDM2RMRG1GP4GEPAX&pf_rd_p=ff893dfe-5c61-4030-937b-47b39a1c58fc
https://www.amazon.fr/Chariot-amovible-escaliers-poussette-r%C3%A9frig%C3%A9rant/dp/B09PRSNRHP?ref=dlx_deals_dg_dcl_B09PRSNRHP_dt_sl14_fc_pi&pf_rd_r=GM0EDM2RMRG1GP4GEPAX&pf_rd_p=ff893dfe-5c61-4030-937b-47b39a1c58fc
https://www.amazon.fr/Coleshome-%C3%A9clairage-Ordinateur-%C3%A9lectriques-Informatique/dp/B0DMCKNS41?ref=dlx_deals_dg_dcl_B0DMCKNS41_dt_sl14_fc&pf_rd_r=GM0EDM2RMRG1GP4GEPAX&pf_rd_p=ff893dfe-5c61-4030-937b-47b39a1c58fc
https://www.amazon.fr/Coleshome-%C3%A9clairage-Ordinateur-%C3%A9lectriques-Informatique/dp/B0DMCKNS41?ref=dlx_deals_dg_dcl_B0DMCKNS41_dt_sl14_fc_csml&pf_rd_r=GM0EDM2RMRG1GP4GEPAX&pf_rd_p=ff893dfe-5c61-4030-937b-47b39a1c58fc
https://www.amazon.fr/Coleshome-%C3%A9clairage-Ordinateur-%C3%A9lectriques-Informatique/dp/B0DMCKNS41?ref=dlx_deals_dg_dcl_B0DMCKNS41_dt_sl14_fc_pi&pf_rd_r=GM0EDM2RMRG1GP4GEPAX&pf_rd_p=ff893dfe-5c61-4030-937b-47b39a1c58fc
https://www.amazon.fr/Connect%C3%A9e-Bluetooth-Smartwatch-Podometre-Fr%C3%A9quence/dp/B0GGZ8PWG8?ref=dlx_deals_dg_dcl_B0GGZ8PWG8_dt_sl14_fc&pf_rd_r=GM0EDM2RMRG1GP4GEPAX&pf_rd_p=ff893dfe-5c61-4030-937b-47b39a1c58fc
https://www.amazon.fr/Connect%C3%A9e-Bluetooth-Smartwatch-Podometre-Fr%C3%A9quence/dp/B0GGZ8PWG8?ref=dlx_deals_dg_dcl_B0GGZ8PWG8_dt_sl14_fc_pi&pf_rd_r=GM0EDM2RMRG1GP4GEPAX&pf_rd_p=ff893dfe-5c61-4030-937b-47b39a1c58fc
https://www.amazon.fr/EUREKA-J15-Pro-Enchev%C3%AAtrement-autonettoyante/dp/B0DGPXCKFV?ref=dlx_deals_dg_dcl_B0DGPXCKFV_dt_sl14_fc&pf_rd_r=GM0EDM2RMRG1GP4GEPAX&pf_rd_p=ff893dfe-5c61-4030-937b-47b39a1c58fc
https://www.amazon.fr/EUREKA-J15-Pro-Enchev%C3%AAtrement-autonettoyante/dp/B0DGPXCKFV?ref=dlx_deals_dg_dcl_B0DGPXCKFV_dt_sl14_fc_pi&pf_rd_r=GM0EDM2RMRG1GP4GEPAX&pf_rd_p=ff893dfe-5c61-4030-937b-47b39a1c58fc
https://www.amazon.fr/Emma-Matelas-Mousse-Hauteur-Fermet%C3%A9/dp/B08GQ78NJF?ref=dlx_deals_dg_dcl_B08GQ78NJF_dt_sl14_fc&pf_rd_r=GM0EDM2RMRG1GP4GEPAX&pf_rd_p=ff893dfe-5c61-4030-937b-47b39a1c58fc
https://www.amazon.fr/Emma-Matelas-Mousse-Hauteur-Fermet%C3%A9/dp/B08GQ78NJF?ref=dlx_deals_dg_dcl_B08GQ78NJF_dt_sl14_fc_pi&pf_rd_r=GM0EDM2RMRG1GP4GEPAX&pf_rd_p=ff893dfe-5c61-4030-937b-47b39a1c58fc
https://www.amazon.fr/Gillette-AUTHENTIQUES-Cartouches-Lubrifiante-Compatibles/dp/B0DT48M297?ref=dlx_deals_dg_dcl_B0DT48M297_dt_sl14_fc&pf_rd_r=GM0EDM2RMRG1GP4GEPAX&pf_rd_p=ff893dfe-5c61-4030-937b-47b39a1c58fc
https://www.amazon.fr/Gillette-AUTHENTIQUES-Cartouches-Lubrifiante-Compatibles/dp/B0DT48M297?ref=dlx_deals_dg_dcl_B0DT48M297_dt_sl14_fc_pi&pf_rd_r=GM0EDM2RMRG1GP4GEPAX&pf_rd_p=ff893dfe-5c61-4030-937b-47b39a1c58fc
https://www.amazon.fr/J12-Aspirateur-Automatique-Serpilli%C3%A8re-Navigation/dp/B0CZ9GYSJT?ref=dlx_deals_dg_dcl_B0CZ9GYSJT_dt_sl14_fc&pf_rd_r=GM0EDM2RMRG1GP4GEPAX&pf_rd_p=ff893dfe-5c61-4030-937b-47b39a1c58fc
https://www.amazon.fr/J12-Aspirateur-Automatique-Serpilli%C3%A8re-Navigation/dp/B0CZ9GYSJT?ref=dlx_deals_dg_dcl_B0CZ9GYSJT_dt_sl14_fc_pi&pf_rd_r=GM0EDM2RMRG1GP4GEPAX&pf_rd_p=ff893dfe-5c61-4030-937b-47b39a1c58fc
https://www.amazon.fr/JETech-Protection-D%C3%A9cran-Anti-Espion-dInstallation/dp/B0FJG9P2LB?ref=dlx_deals_dg_dcl_B0FJG9P2LB_dt_sl14_fc&pf_rd_r=GM0EDM2RMRG1GP4GEPAX&pf_rd_p=ff893dfe-5c61-4030-937b-47b39a1c58fc
https://www.amazon.fr/JETech-Protection-D%C3%A9cran-Anti-Espion-dInstallation/dp/B0FJG9P2LB?ref=dlx_deals_dg_dcl_B0FJG9P2LB_dt_sl14_fc_pi&pf_rd_r=GM0EDM2RMRG1GP4GEPAX&pf_rd_p=ff893dfe-5c61-4030-937b-47b39a1c58fc
https://www.amazon.fr/Machine-Gla%C3%A7ons-programmes-pr%C3%A9d%C3%A9finis-fonctionnement/dp/B0FFM6GVDB?ref=dlx_deals_dg_dcl_B0FFM6GVDB_dt_sl14_fc&pf_rd_r=GM0EDM2RMRG1GP4GEPAX&pf_rd_p=ff893dfe-5c61-4030-937b-47b39a1c58fc
https://www.amazon.fr/Machine-Gla%C3%A7ons-programmes-pr%C3%A9d%C3%A9finis-fonctionnement/dp/B0FFM6GVDB?ref=dlx_deals_dg_dcl_B0FFM6GVDB_dt_sl14_fc_csml&pf_rd_r=GM0EDM2RMRG1GP4GEPAX&pf_rd_p=ff893dfe-5c61-4030-937b-47b39a1c58fc
https://www.amazon.fr/Machine-Gla%C3%A7ons-programmes-pr%C3%A9d%C3%A9finis-fonctionnement/dp/B0FFM6GVDB?ref=dlx_deals_dg_dcl_B0FFM6GVDB_dt_sl14_fc_pi&pf_rd_r=GM0EDM2RMRG1GP4GEPAX&pf_rd_p=ff893dfe-5c61-4030-937b-47b39a1c58fc
https://www.amazon.fr/PNNP-Tiroir-Coulissant-Cuisine-Adhesif/dp/B0DYV31K79?ref=dlx_deals_dg_dcl_B0DYV31K79_dt_sl14_fc&pf_rd_r=GM0EDM2RMRG1GP4GEPAX&pf_rd_p=ff893dfe-5c61-4030-937b-47b39a1c58fc
https://www.amazon.fr/PNNP-Tiroir-Coulissant-Cuisine-Adhesif/dp/B0DYV31K79?ref=dlx_deals_dg_dcl_B0DYV31K79_dt_sl14_fc_cs&pf_rd_r=GM0EDM2RMRG1GP4GEPAX&pf_rd_p=ff893dfe-5c61-4030-937b-47b39a1c58fc
https://www.amazon.fr/PNNP-Tiroir-Coulissant-Cuisine-Adhesif/dp/B0DYV31K79?ref=dlx_deals_dg_dcl_B0DYV31K79_dt_sl14_fc_pi&pf_rd_r=GM0EDM2RMRG1GP4GEPAX&pf_rd_p=ff893dfe-5c61-4030-937b-47b39a1c58fc
https://www.amazon.fr/Pipishell-m%C3%A9canisme-fermeture-charni%C3%A8res-m%C3%A9talliques/dp/B0DWXV7RLX?ref=dlx_deals_dg_dcl_B0DWXV7RLX_dt_sl14_fc&pf_rd_r=GM0EDM2RMRG1GP4GEPAX&pf_rd_p=ff893dfe-5c61-4030-937b-47b39a1c58fc
https://www.amazon.fr/Pipishell-m%C3%A9canisme-fermeture-charni%C3%A8res-m%C3%A9talliques/dp/B0DWXV7RLX?ref=dlx_deals_dg_dcl_B0DWXV7RLX_dt_sl14_fc_csml&pf_rd_r=GM0EDM2RMRG1GP4GEPAX&pf_rd_p=ff893dfe-5c61-4030-937b-47b39a1c58fc
https://www.amazon.fr/Pipishell-m%C3%A9canisme-fermeture-charni%C3%A8res-m%C3%A9talliques/dp/B0DWXV7RLX?ref=dlx_deals_dg_dcl_B0DWXV7RLX_dt_sl14_fc_pi&pf_rd_r=GM0EDM2RMRG1GP4GEPAX&pf_rd_p=ff893dfe-5c61-4030-937b-47b39a1c58fc
https://www.amazon.fr/RENPHO-Imp%C3%A9dancem%C3%A8tre-Impedancemetre-Corporelles-Corporelle/dp/B0BRQF7DC8?ref=dlx_deals_dg_dcl_B0BRQF7DC8_dt_sl14_fc&pf_rd_r=GM0EDM2RMRG1GP4GEPAX&pf_rd_p=ff893dfe-5c61-4030-937b-47b39a1c58fc
https://www.amazon.fr/RENPHO-Imp%C3%A9dancem%C3%A8tre-Impedancemetre-Corporelles-Corporelle/dp/B0BRQF7DC8?ref=dlx_deals_dg_dcl_B0BRQF7DC8_dt_sl14_fc_csml&pf_rd_r=GM0EDM2RMRG1GP4GEPAX&pf_rd_p=ff893dfe-5c61-4030-937b-47b39a1c58fc
https://www.amazon.fr/RENPHO-Imp%C3%A9dancem%C3%A8tre-Impedancemetre-Corporelles-Corporelle/dp/B0BRQF7DC8?ref=dlx_deals_dg_dcl_B0BRQF7DC8_dt_sl14_fc_pi&pf_rd_r=GM0EDM2RMRG1GP4GEPAX&pf_rd_p=ff893dfe-5c61-4030-937b-47b39a1c58fc
https://www.amazon.fr/Redbat-moniteur-plateau-ordinateur-portable/dp/B08P3GBV52?ref=dlx_deals_dg_dcl_B08P3GBV52_dt_sl14_fc&pf_rd_r=GM0EDM2RMRG1GP4GEPAX&pf_rd_p=ff893dfe-5c61-4030-937b-47b39a1c58fc
https://www.amazon.fr/Redbat-moniteur-plateau-ordinateur-portable/dp/B08P3GBV52?ref=dlx_deals_dg_dcl_B08P3GBV52_dt_sl14_fc_pi&pf_rd_r=GM0EDM2RMRG1GP4GEPAX&pf_rd_p=ff893dfe-5c61-4030-937b-47b39a1c58fc
https://www.amazon.fr/SIHOO-M102C-Chaise-Bureau-Ergonomique/dp/B0CLLRNFB8?ref=dlx_deals_dg_dcl_B0CLLRNFB8_dt_sl14_fc&pf_rd_r=GM0EDM2RMRG1GP4GEPAX&pf_rd_p=ff893dfe-5c61-4030-937b-47b39a1c58fc
https://www.amazon.fr/SIHOO-M102C-Chaise-Bureau-Ergonomique/dp/B0CLLRNFB8?ref=dlx_deals_dg_dcl_B0CLLRNFB8_dt_sl14_fc_cs&pf_rd_r=GM0EDM2RMRG1GP4GEPAX&pf_rd_p=ff893dfe-5c61-4030-937b-47b39a1c58fc
https://www.amazon.fr/SIHOO-M102C-Chaise-Bureau-Ergonomique/dp/B0CLLRNFB8?ref=dlx_deals_dg_dcl_B0CLLRNFB8_dt_sl14_fc_pi&pf_rd_r=GM0EDM2RMRG1GP4GEPAX&pf_rd_p=ff893dfe-5c61-4030-937b-47b39a1c58fc
https://www.amazon.fr/SKYEGG-Tablette-Extensible-Octa-Core-Protection/dp/B0FZVPRNHJ?ref=dlx_deals_dg_dcl_B0FZVPRNHJ_dt_sl14_fc&pf_rd_r=GM0EDM2RMRG1GP4GEPAX&pf_rd_p=ff893dfe-5c61-4030-937b-47b39a1c58fc
https://www.amazon.fr/SKYEGG-Tablette-Extensible-Octa-Core-Protection/dp/B0FZVPRNHJ?ref=dlx_deals_dg_dcl_B0FZVPRNHJ_dt_sl14_fc_csml&pf_rd_r=GM0EDM2RMRG1GP4GEPAX&pf_rd_p=ff893dfe-5c61-4030-937b-47b39a1c58fc
https://www.amazon.fr/SKYEGG-Tablette-Extensible-Octa-Core-Protection/dp/B0FZVPRNHJ?ref=dlx_deals_dg_dcl_B0FZVPRNHJ_dt_sl14_fc_pi&pf_rd_r=GM0EDM2RMRG1GP4GEPAX&pf_rd_p=ff893dfe-5c61-4030-937b-47b39a1c58fc
https://www.amazon.fr/Split-Fiction-PS5-Vid%C3%A9o-Fran%C3%A7ais/dp/B0DQ5WMN4H?ref=dlx_deals_dg_dcl_B0DQ5WMN4H_dt_sl14_fc&pf_rd_r=GM0EDM2RMRG1GP4GEPAX&pf_rd_p=ff893dfe-5c61-4030-937b-47b39a1c58fc
https://www.amazon.fr/Split-Fiction-PS5-Vid%C3%A9o-Fran%C3%A7ais/dp/B0DQ5WMN4H?ref=dlx_deals_dg_dcl_B0DQ5WMN4H_dt_sl14_fc_pi&pf_rd_r=GM0EDM2RMRG1GP4GEPAX&pf_rd_p=ff893dfe-5c61-4030-937b-47b39a1c58fc
https://www.amazon.fr/Standard-PS5-Jeu-Vid%C3%A9o-Fran%C3%A7ais/dp/B0F24Y88V1?ref=dlx_deals_dg_dcl_B0F24Y88V1_dt_sl14_fc&pf_rd_r=GM0EDM2RMRG1GP4GEPAX&pf_rd_p=ff893dfe-5c61-4030-937b-47b39a1c58fc
https://www.amazon.fr/Standard-PS5-Jeu-Vid%C3%A9o-Fran%C3%A7ais/dp/B0F24Y88V1?ref=dlx_deals_dg_dcl_B0F24Y88V1_dt_sl14_fc_pi&pf_rd_r=GM0EDM2RMRG1GP4GEPAX&pf_rd_p=ff893dfe-5c61-4030-937b-47b39a1c58fc
https://www.amazon.fr/Trust-Taro-Clavier-Filaire-%C3%89claboussures/dp/B08DHLM585?ref=dlx_deals_dg_dcl_B08DHLM585_dt_sl14_fc&pf_rd_r=GM0EDM2RMRG1GP4GEPAX&pf_rd_p=ff893dfe-5c61-4030-937b-47b39a1c58fc
https://www.amazon.fr/Trust-Taro-Clavier-Filaire-%C3%89claboussures/dp/B08DHLM585?ref=dlx_deals_dg_dcl_B08DHLM585_dt_sl14_fc_pi&pf_rd_r=GM0EDM2RMRG1GP4GEPAX&pf_rd_p=ff893dfe-5c61-4030-937b-47b39a1c58fc
https://www.amazon.fr/Verticale-Ergonomique-Droitiers-R%C3%A9solution-R%C3%A9glable/dp/B0788C2VQQ?ref=dlx_deals_dg_dcl_B0788C2VQQ_dt_sl14_fc&pf_rd_r=GM0EDM2RMRG1GP4GEPAX&pf_rd_p=ff893dfe-5c61-4030-937b-47b39a1c58fc
https://www.amazon.fr/Verticale-Ergonomique-Droitiers-R%C3%A9solution-R%C3%A9glable/dp/B0788C2VQQ?ref=dlx_deals_dg_dcl_B0788C2VQQ_dt_sl14_fc_pi&pf_rd_r=GM0EDM2RMRG1GP4GEPAX&pf_rd_p=ff893dfe-5c61-4030-937b-47b39a1c58fc
https://www.amazon.fr/Videoprojecteur-Retroprojecteur-Supporte-Projecteur-Bluetooth/dp/B0GDXCYZ9P?ref=dlx_deals_dg_dcl_B0GDXCYZ9P_dt_sl14_fc&pf_rd_r=GM0EDM2RMRG1GP4GEPAX&pf_rd_p=ff893dfe-5c61-4030-937b-47b39a1c58fc
https://www.amazon.fr/Videoprojecteur-Retroprojecteur-Supporte-Projecteur-Bluetooth/dp/B0GDXCYZ9P?ref=dlx_deals_dg_dcl_B0GDXCYZ9P_dt_sl14_fc_pi&pf_rd_r=GM0EDM2RMRG1GP4GEPAX&pf_rd_p=ff893dfe-5c61-4030-937b-47b39a1c58fc
https://www.amazon.fr/aosu-Surveillance-Exterieure-Grand-Angle-D%C3%A9tection/dp/B0GBW99NR6?ref=dlx_deals_dg_dcl_B0GBW99NR6_dt_sl14_fc&pf_rd_r=GM0EDM2RMRG1GP4GEPAX&pf_rd_p=ff893dfe-5c61-4030-937b-47b39a1c58fc
https://www.amazon.fr/aosu-Surveillance-Exterieure-Grand-Angle-D%C3%A9tection/dp/B0GBW99NR6?ref=dlx_deals_dg_dcl_B0GBW99NR6_dt_sl14_fc_pi&pf_rd_r=GM0EDM2RMRG1GP4GEPAX&pf_rd_p=ff893dfe-5c61-4030-937b-47b39a1c58fc
https://www.amazon.fr/ap/register?openid.pape.max_auth_age=0&openid.return_to=https%3A%2F%2Fwww.amazon.fr%2Fdeals%2F%3F_encoding%3DUTF8%26promotionsSearchLastSeenAsin%3DB08NDTNRMQ%26promotionsSearchPageSize%3D90%26promotionsSearchStartIndex%3D150%26ref_%3Dnav_newcust&openid.identity=http%3A%2F%2Fspecs.openid.net%2Fauth%2F2.0%2Fidentifier_select&openid.assoc_handle=frflex&openid.mode=checkid_setup&openid.claimed_id=http%3A%2F%2Fspecs.openid.net%2Fauth%2F2.0%2Fidentifier_select&openid.ns=http%3A%2F%2Fspecs.openid.net%2Fauth%2F2.0
https://www.amazon.fr/ap/signin?openid.pape.max_auth_age=0&openid.return_to=https%3A%2F%2Fwww.amazon.fr%2Fdeals%3Fref_%3Dnav_signin%26promotionsSearchLastSeenAsin%3DB08NDTNRMQ%26promotionsSearchStartIndex%3D150%26promotionsSearchPageSize%3D90&openid.identity=http%3A%2F%2Fspecs.openid.net%2Fauth%2F2.0%2Fidentifier_select&openid.assoc_handle=frflex&openid.mode=checkid_setup&openid.claimed_id=http%3A%2F%2Fspecs.openid.net%2Fauth%2F2.0%2Fidentifier_select&openid.ns=http%3A%2F%2Fspecs.openid.net%2Fauth%2F2.0
https://www.amazon.fr/ap/signin?openid.pape.max_auth_age=0&openid.return_to=https%3A%2F%2Fwww.amazon.fr%2Fdeals%3Fref_%3Dnav_ya_signin%26promotionsSearchLastSeenAsin%3DB08NDTNRMQ%26promotionsSearchStartIndex%3D150%26promotionsSearchPageSize%3D90&openid.identity=http%3A%2F%2Fspecs.openid.net%2Fauth%2F2.0%2Fidentifier_select&openid.assoc_handle=frflex&openid.mode=checkid_setup&openid.claimed_id=http%3A%2F%2Fspecs.openid.net%2Fauth%2F2.0%2Fidentifier_select&openid.ns=http%3A%2F%2Fspecs.openid.net%2Fauth%2F2.0
https://www.amazon.fr/artfone-F30-Gris-argent%C3%A9-D%C3%A9bloqu%C3%A9%E4%B8%A8T%C3%A9l%C3%A9phone/dp/B0G2JFY2X7?ref=dlx_deals_dg_dcl_B0G2JFY2X7_dt_sl14_fc&pf_rd_r=GM0EDM2RMRG1GP4GEPAX&pf_rd_p=ff893dfe-5c61-4030-937b-47b39a1c58fc
https://www.amazon.fr/artfone-F30-Gris-argent%C3%A9-D%C3%A9bloqu%C3%A9%E4%B8%A8T%C3%A9l%C3%A9phone/dp/B0G2JFY2X7?ref=dlx_deals_dg_dcl_B0G2JFY2X7_dt_sl14_fc_pi&pf_rd_r=GM0EDM2RMRG1GP4GEPAX&pf_rd_p=ff893dfe-5c61-4030-937b-47b39a1c58fc
https://www.amazon.fr/automatique-inoxydable-mouvement-couvercle-affichage/dp/B0DF2G64KB?ref=dlx_deals_dg_dcl_B0DF2G64KB_dt_sl14_fc&pf_rd_r=GM0EDM2RMRG1GP4GEPAX&pf_rd_p=ff893dfe-5c61-4030-937b-47b39a1c58fc
https://www.amazon.fr/automatique-inoxydable-mouvement-couvercle-affichage/dp/B0DF2G64KB?ref=dlx_deals_dg_dcl_B0DF2G64KB_dt_sl14_fc_csml&pf_rd_r=GM0EDM2RMRG1GP4GEPAX&pf_rd_p=ff893dfe-5c61-4030-937b-47b39a1c58fc
https://www.amazon.fr/automatique-inoxydable-mouvement-couvercle-affichage/dp/B0DF2G64KB?ref=dlx_deals_dg_dcl_B0DF2G64KB_dt_sl14_fc_pi&pf_rd_r=GM0EDM2RMRG1GP4GEPAX&pf_rd_p=ff893dfe-5c61-4030-937b-47b39a1c58fc
https://www.amazon.fr/customer-preferences/country?ie=UTF8&preferencesReturnUrl=%2Fdeals%3Fref_%3Dnav_cs_gb%26promotionsSearchLastSeenAsin%3DB08NDTNRMQ%26promotionsSearchStartIndex%3D150%26promotionsSearchPageSize%3D90&ref_=footer_icp_cp
https://www.amazon.fr/deals?ref_=nav_cs_gb&promotionsSearchLastSeenAsin=B0G2JFY2X7&promotionsSearchStartIndex=120&promotionsSearchPageSize=60#skippedLink
https://www.amazon.fr/dp/B09PRSNR9J?ref=dlx_deals_dg_dcl_B09PRSNR9J_dt_sl14_fc_cs&pf_rd_r=GM0EDM2RMRG1GP4GEPAX&pf_rd_p=ff893dfe-5c61-4030-937b-47b39a1c58fc
https://www.amazon.fr/dp/B0D93DMFWC?ref=dlx_deals_dg_dcl_B0D93DMFWC_dt_sl14_fc_cs&pf_rd_r=GM0EDM2RMRG1GP4GEPAX&pf_rd_p=ff893dfe-5c61-4030-937b-47b39a1c58fc
https://www.amazon.fr/dp/B0DYV8ZBMD?ref=dlx_deals_dg_dcl_B0DYV8ZBMD_dt_sl14_fc_cs&pf_rd_r=GM0EDM2RMRG1GP4GEPAX&pf_rd_p=ff893dfe-5c61-4030-937b-47b39a1c58fc
https://www.amazon.fr/dp/B0G2S38HYS?ref=dlx_deals_dg_dcl_B0G2S38HYS_dt_sl14_fc_cs&pf_rd_r=GM0EDM2RMRG1GP4GEPAX&pf_rd_p=ff893dfe-5c61-4030-937b-47b39a1c58fc

===== cycle 3 | 2026-03-20T11:52:55.454840 =====
https://www.amazon.fr/BISSELL-Oxygen-Boost-Formule-SpotClean/dp/B0753NXDPR?ref=dlx_deals_dg_dcl_B0753NXDPR_dt_sl14_fc&pf_rd_r=T0SGPSXCZDTG2KW5Q8PH&pf_rd_p=ff893dfe-5c61-4030-937b-47b39a1c58fc
https://www.amazon.fr/BISSELL-Oxygen-Boost-Formule-SpotClean/dp/B0753NXDPR?ref=dlx_deals_dg_dcl_B0753NXDPR_dt_sl14_fc_pi&pf_rd_r=T0SGPSXCZDTG2KW5Q8PH&pf_rd_p=ff893dfe-5c61-4030-937b-47b39a1c58fc
https://www.amazon.fr/Comfytemp-Chauffante-Electrique-Soulagement-Automatiques/dp/B0DQ3JJ7B9?ref=dlx_deals_dg_dcl_B0DQ3JJ7B9_dt_sl14_fc&pf_rd_r=T0SGPSXCZDTG2KW5Q8PH&pf_rd_p=ff893dfe-5c61-4030-937b-47b39a1c58fc
https://www.amazon.fr/Comfytemp-Chauffante-Electrique-Soulagement-Automatiques/dp/B0DQ3JJ7B9?ref=dlx_deals_dg_dcl_B0DQ3JJ7B9_dt_sl14_fc_pi&pf_rd_r=T0SGPSXCZDTG2KW5Q8PH&pf_rd_p=ff893dfe-5c61-4030-937b-47b39a1c58fc
https://www.amazon.fr/Corsair-%C3%89claboussures-Micro-Maille-Caoutchouc-Antid%C3%A9rapante/dp/B08JH8C5T5?ref=dlx_deals_dg_dcl_B08JH8C5T5_dt_sl14_fc&pf_rd_r=T0SGPSXCZDTG2KW5Q8PH&pf_rd_p=ff893dfe-5c61-4030-937b-47b39a1c58fc
https://www.amazon.fr/Corsair-%C3%89claboussures-Micro-Maille-Caoutchouc-Antid%C3%A9rapante/dp/B08JH8C5T5?ref=dlx_deals_dg_dcl_B08JH8C5T5_dt_sl14_fc_cs&pf_rd_r=T0SGPSXCZDTG2KW5Q8PH&pf_rd_p=ff893dfe-5c61-4030-937b-47b39a1c58fc
https://www.amazon.fr/Corsair-%C3%89claboussures-Micro-Maille-Caoutchouc-Antid%C3%A9rapante/dp/B08JH8C5T5?ref=dlx_deals_dg_dcl_B08JH8C5T5_dt_sl14_fc_pi&pf_rd_r=T0SGPSXCZDTG2KW5Q8PH&pf_rd_p=ff893dfe-5c61-4030-937b-47b39a1c58fc
https://www.amazon.fr/Dreo-Ventilateur-intelligent-t%C3%A9l%C3%A9commande-refroidissement/dp/B0DZ2FYK34?ref=dlx_deals_dg_dcl_B0DZ2FYK34_dt_sl14_fc&pf_rd_r=T0SGPSXCZDTG2KW5Q8PH&pf_rd_p=ff893dfe-5c61-4030-937b-47b39a1c58fc
https://www.amazon.fr/Dreo-Ventilateur-intelligent-t%C3%A9l%C3%A9commande-refroidissement/dp/B0DZ2FYK34?ref=dlx_deals_dg_dcl_B0DZ2FYK34_dt_sl14_fc_cs&pf_rd_r=T0SGPSXCZDTG2KW5Q8PH&pf_rd_p=ff893dfe-5c61-4030-937b-47b39a1c58fc
https://www.amazon.fr/Dreo-Ventilateur-intelligent-t%C3%A9l%C3%A9commande-refroidissement/dp/B0DZ2FYK34?ref=dlx_deals_dg_dcl_B0DZ2FYK34_dt_sl14_fc_pi&pf_rd_r=T0SGPSXCZDTG2KW5Q8PH&pf_rd_p=ff893dfe-5c61-4030-937b-47b39a1c58fc
https://www.amazon.fr/Ensemble-Mitigeur-Douchette-Flexible-R%C3%A9glable/dp/B0F9FBR793?ref=dlx_deals_dg_dcl_B0F9FBR793_dt_sl14_fc&pf_rd_r=T0SGPSXCZDTG2KW5Q8PH&pf_rd_p=ff893dfe-5c61-4030-937b-47b39a1c58fc
https://www.amazon.fr/Ensemble-Mitigeur-Douchette-Flexible-R%C3%A9glable/dp/B0F9FBR793?ref=dlx_deals_dg_dcl_B0F9FBR793_dt_sl14_fc_cs&pf_rd_r=T0SGPSXCZDTG2KW5Q8PH&pf_rd_p=ff893dfe-5c61-4030-937b-47b39a1c58fc
https://www.amazon.fr/Ensemble-Mitigeur-Douchette-Flexible-R%C3%A9glable/dp/B0F9FBR793?ref=dlx_deals_dg_dcl_B0F9FBR793_dt_sl14_fc_csml&pf_rd_r=T0SGPSXCZDTG2KW5Q8PH&pf_rd_p=ff893dfe-5c61-4030-937b-47b39a1c58fc
https://www.amazon.fr/Ensemble-Mitigeur-Douchette-Flexible-R%C3%A9glable/dp/B0F9FBR793?ref=dlx_deals_dg_dcl_B0F9FBR793_dt_sl14_fc_pi&pf_rd_r=T0SGPSXCZDTG2KW5Q8PH&pf_rd_p=ff893dfe-5c61-4030-937b-47b39a1c58fc
https://www.amazon.fr/Epson-Multipack-Bouteilles-dorigine-couleurs/dp/B08BXSR45Z?ref=dlx_deals_dg_dcl_B08BXSR45Z_dt_sl14_fc&pf_rd_r=T0SGPSXCZDTG2KW5Q8PH&pf_rd_p=ff893dfe-5c61-4030-937b-47b39a1c58fc
https://www.amazon.fr/Epson-Multipack-Bouteilles-dorigine-couleurs/dp/B08BXSR45Z?ref=dlx_deals_dg_dcl_B08BXSR45Z_dt_sl14_fc_csml&pf_rd_r=T0SGPSXCZDTG2KW5Q8PH&pf_rd_p=ff893dfe-5c61-4030-937b-47b39a1c58fc
https://www.amazon.fr/Epson-Multipack-Bouteilles-dorigine-couleurs/dp/B08BXSR45Z?ref=dlx_deals_dg_dcl_B08BXSR45Z_dt_sl14_fc_pi&pf_rd_r=T0SGPSXCZDTG2KW5Q8PH&pf_rd_p=ff893dfe-5c61-4030-937b-47b39a1c58fc
https://www.amazon.fr/HAPDEN-Oeillets-M%C3%A9talliques-doeillets-doutils/dp/B0CQLZM95D?ref=dlx_deals_dg_dcl_B0CQLZM95D_dt_sl14_fc&pf_rd_r=T0SGPSXCZDTG2KW5Q8PH&pf_rd_p=ff893dfe-5c61-4030-937b-47b39a1c58fc
https://www.amazon.fr/HAPDEN-Oeillets-M%C3%A9talliques-doeillets-doutils/dp/B0CQLZM95D?ref=dlx_deals_dg_dcl_B0CQLZM95D_dt_sl14_fc_csml&pf_rd_r=T0SGPSXCZDTG2KW5Q8PH&pf_rd_p=ff893dfe-5c61-4030-937b-47b39a1c58fc
https://www.amazon.fr/HAPDEN-Oeillets-M%C3%A9talliques-doeillets-doutils/dp/B0CQLZM95D?ref=dlx_deals_dg_dcl_B0CQLZM95D_dt_sl14_fc_pi&pf_rd_r=T0SGPSXCZDTG2KW5Q8PH&pf_rd_p=ff893dfe-5c61-4030-937b-47b39a1c58fc
https://www.amazon.fr/Jubolion-microphones-cravate-r%C3%A9duction-enregistrement/dp/B0DGH1PPGW?ref=dlx_deals_dg_dcl_B0DGH1PPGW_dt_sl14_fc&pf_rd_r=T0SGPSXCZDTG2KW5Q8PH&pf_rd_p=ff893dfe-5c61-4030-937b-47b39a1c58fc
https://www.amazon.fr/Jubolion-microphones-cravate-r%C3%A9duction-enregistrement/dp/B0DGH1PPGW?ref=dlx_deals_dg_dcl_B0DGH1PPGW_dt_sl14_fc_pi&pf_rd_r=T0SGPSXCZDTG2KW5Q8PH&pf_rd_p=ff893dfe-5c61-4030-937b-47b39a1c58fc
https://www.amazon.fr/Kerargan-Shampoing-Apr%C3%A8s-Shampoing-K%C3%A9ratine-silicone/dp/B0BQYWJQ5Y?ref=dlx_deals_dg_dcl_B0BQYWJQ5Y_dt_sl14_fc&pf_rd_r=T0SGPSXCZDTG2KW5Q8PH&pf_rd_p=ff893dfe-5c61-4030-937b-47b39a1c58fc
https://www.amazon.fr/Kerargan-Shampoing-Apr%C3%A8s-Shampoing-K%C3%A9ratine-silicone/dp/B0BQYWJQ5Y?ref=dlx_deals_dg_dcl_B0BQYWJQ5Y_dt_sl14_fc_pi&pf_rd_r=T0SGPSXCZDTG2KW5Q8PH&pf_rd_p=ff893dfe-5c61-4030-937b-47b39a1c58fc
https://www.amazon.fr/PNNP-Etagere-Douche-Percage-Angle/dp/B0D48ZJKLX?ref=dlx_deals_dg_dcl_B0D48ZJKLX_dt_sl14_fc&pf_rd_r=T0SGPSXCZDTG2KW5Q8PH&pf_rd_p=ff893dfe-5c61-4030-937b-47b39a1c58fc
https://www.amazon.fr/PNNP-Etagere-Douche-Percage-Angle/dp/B0D48ZJKLX?ref=dlx_deals_dg_dcl_B0D48ZJKLX_dt_sl14_fc_cs&pf_rd_r=T0SGPSXCZDTG2KW5Q8PH&pf_rd_p=ff893dfe-5c61-4030-937b-47b39a1c58fc
https://www.amazon.fr/PNNP-Etagere-Douche-Percage-Angle/dp/B0D48ZJKLX?ref=dlx_deals_dg_dcl_B0D48ZJKLX_dt_sl14_fc_pi&pf_rd_r=T0SGPSXCZDTG2KW5Q8PH&pf_rd_p=ff893dfe-5c61-4030-937b-47b39a1c58fc
https://www.amazon.fr/Polident-Proth%C3%A8ses-Dentaires-Partielles-Compl%C3%A8tes/dp/B09BCSP89N?ref=dlx_deals_dg_dcl_B09BCSP89N_dt_sl14_fc&pf_rd_r=T0SGPSXCZDTG2KW5Q8PH&pf_rd_p=ff893dfe-5c61-4030-937b-47b39a1c58fc
https://www.amazon.fr/Polident-Proth%C3%A8ses-Dentaires-Partielles-Compl%C3%A8tes/dp/B09BCSP89N?ref=dlx_deals_dg_dcl_B09BCSP89N_dt_sl14_fc_pi&pf_rd_r=T0SGPSXCZDTG2KW5Q8PH&pf_rd_p=ff893dfe-5c61-4030-937b-47b39a1c58fc
https://www.amazon.fr/SONGMICS-Cintres-d%C3%A9rable-rainures-CRW02B-50/dp/B00ECMA89A?ref=dlx_deals_dg_dcl_B00ECMA89A_dt_sl14_fc&pf_rd_r=T0SGPSXCZDTG2KW5Q8PH&pf_rd_p=ff893dfe-5c61-4030-937b-47b39a1c58fc
https://www.amazon.fr/SONGMICS-Cintres-d%C3%A9rable-rainures-CRW02B-50/dp/B00ECMA89A?ref=dlx_deals_dg_dcl_B00ECMA89A_dt_sl14_fc_csml&pf_rd_r=T0SGPSXCZDTG2KW5Q8PH&pf_rd_p=ff893dfe-5c61-4030-937b-47b39a1c58fc
https://www.amazon.fr/SONGMICS-Cintres-d%C3%A9rable-rainures-CRW02B-50/dp/B00ECMA89A?ref=dlx_deals_dg_dcl_B00ECMA89A_dt_sl14_fc_pi&pf_rd_r=T0SGPSXCZDTG2KW5Q8PH&pf_rd_p=ff893dfe-5c61-4030-937b-47b39a1c58fc
https://www.amazon.fr/Unimet-modulable-%C3%89tag%C3%A8re-Bouteille-emplacements/dp/B07BXJLJQV?ref=dlx_deals_dg_dcl_B07BXJLJQV_dt_sl14_fc&pf_rd_r=T0SGPSXCZDTG2KW5Q8PH&pf_rd_p=ff893dfe-5c61-4030-937b-47b39a1c58fc
https://www.amazon.fr/Unimet-modulable-%C3%89tag%C3%A8re-Bouteille-emplacements/dp/B07BXJLJQV?ref=dlx_deals_dg_dcl_B07BXJLJQV_dt_sl14_fc_csml&pf_rd_r=T0SGPSXCZDTG2KW5Q8PH&pf_rd_p=ff893dfe-5c61-4030-937b-47b39a1c58fc
https://www.amazon.fr/Unimet-modulable-%C3%89tag%C3%A8re-Bouteille-emplacements/dp/B07BXJLJQV?ref=dlx_deals_dg_dcl_B07BXJLJQV_dt_sl14_fc_pi&pf_rd_r=T0SGPSXCZDTG2KW5Q8PH&pf_rd_p=ff893dfe-5c61-4030-937b-47b39a1c58fc
https://www.amazon.fr/Yassol-Aspirateur-Motoris%C3%A9e-Anti-Emm%C3%AAlement-Filtration/dp/B0GL86VH2Q?ref=dlx_deals_dg_dcl_B0GL86VH2Q_dt_sl14_fc&pf_rd_r=T0SGPSXCZDTG2KW5Q8PH&pf_rd_p=ff893dfe-5c61-4030-937b-47b39a1c58fc
https://www.amazon.fr/Yassol-Aspirateur-Motoris%C3%A9e-Anti-Emm%C3%AAlement-Filtration/dp/B0GL86VH2Q?ref=dlx_deals_dg_dcl_B0GL86VH2Q_dt_sl14_fc_pi&pf_rd_r=T0SGPSXCZDTG2KW5Q8PH&pf_rd_p=ff893dfe-5c61-4030-937b-47b39a1c58fc
https://www.amazon.fr/ZIZZLER-Encastrable-Diametre-Interieur-Bathroom/dp/B0F1LR9TRV?ref=dlx_deals_dg_dcl_B0F1LR9TRV_dt_sl14_fc&pf_rd_r=T0SGPSXCZDTG2KW5Q8PH&pf_rd_p=ff893dfe-5c61-4030-937b-47b39a1c58fc
https://www.amazon.fr/ZIZZLER-Encastrable-Diametre-Interieur-Bathroom/dp/B0F1LR9TRV?ref=dlx_deals_dg_dcl_B0F1LR9TRV_dt_sl14_fc_cs&pf_rd_r=T0SGPSXCZDTG2KW5Q8PH&pf_rd_p=ff893dfe-5c61-4030-937b-47b39a1c58fc
https://www.amazon.fr/ZIZZLER-Encastrable-Diametre-Interieur-Bathroom/dp/B0F1LR9TRV?ref=dlx_deals_dg_dcl_B0F1LR9TRV_dt_sl14_fc_pi&pf_rd_r=T0SGPSXCZDTG2KW5Q8PH&pf_rd_p=ff893dfe-5c61-4030-937b-47b39a1c58fc
https://www.amazon.fr/ap/register?openid.pape.max_auth_age=0&openid.return_to=https%3A%2F%2Fwww.amazon.fr%2Fdeals%2F%3F_encoding%3DUTF8%26promotionsSearchLastSeenAsin%3DB0CN9H57YM%26promotionsSearchPageSize%3D90%26promotionsSearchStartIndex%3D420%26ref_%3Dnav_newcust&openid.identity=http%3A%2F%2Fspecs.openid.net%2Fauth%2F2.0%2Fidentifier_select&openid.assoc_handle=frflex&openid.mode=checkid_setup&openid.claimed_id=http%3A%2F%2Fspecs.openid.net%2Fauth%2F2.0%2Fidentifier_select&openid.ns=http%3A%2F%2Fspecs.openid.net%2Fauth%2F2.0
https://www.amazon.fr/ap/signin?openid.pape.max_auth_age=0&openid.return_to=https%3A%2F%2Fwww.amazon.fr%2Fdeals%3Fref_%3Dnav_signin%26promotionsSearchLastSeenAsin%3DB0CN9H57YM%26promotionsSearchStartIndex%3D420%26promotionsSearchPageSize%3D90&openid.identity=http%3A%2F%2Fspecs.openid.net%2Fauth%2F2.0%2Fidentifier_select&openid.assoc_handle=frflex&openid.mode=checkid_setup&openid.claimed_id=http%3A%2F%2Fspecs.openid.net%2Fauth%2F2.0%2Fidentifier_select&openid.ns=http%3A%2F%2Fspecs.openid.net%2Fauth%2F2.0
https://www.amazon.fr/ap/signin?openid.pape.max_auth_age=0&openid.return_to=https%3A%2F%2Fwww.amazon.fr%2Fdeals%3Fref_%3Dnav_ya_signin%26promotionsSearchLastSeenAsin%3DB0CN9H57YM%26promotionsSearchStartIndex%3D420%26promotionsSearchPageSize%3D90&openid.identity=http%3A%2F%2Fspecs.openid.net%2Fauth%2F2.0%2Fidentifier_select&openid.assoc_handle=frflex&openid.mode=checkid_setup&openid.claimed_id=http%3A%2F%2Fspecs.openid.net%2Fauth%2F2.0%2Fidentifier_select&openid.ns=http%3A%2F%2Fspecs.openid.net%2Fauth%2F2.0
https://www.amazon.fr/customer-preferences/country?ie=UTF8&preferencesReturnUrl=%2Fdeals%3Fref_%3Dnav_cs_gb%26promotionsSearchLastSeenAsin%3DB0CN9H57YM%26promotionsSearchStartIndex%3D420%26promotionsSearchPageSize%3D90&ref_=footer_icp_cp
https://www.amazon.fr/deals?ref_=nav_cs_gb&promotionsSearchLastSeenAsin=B0C6KDQQMD&promotionsSearchStartIndex=390&promotionsSearchPageSize=60#skippedLink
https://www.amazon.fr/dp/B08JH7H1NG?ref=dlx_deals_dg_dcl_B08JH7H1NG_dt_sl14_fc_cs&pf_rd_r=T0SGPSXCZDTG2KW5Q8PH&pf_rd_p=ff893dfe-5c61-4030-937b-47b39a1c58fc
https://www.amazon.fr/dp/B0BTY58CS4?ref=dlx_deals_dg_dcl_B0BTY58CS4_dt_sl14_fc_cs&pf_rd_r=T0SGPSXCZDTG2KW5Q8PH&pf_rd_p=ff893dfe-5c61-4030-937b-47b39a1c58fc
https://www.amazon.fr/dp/B0C2HB4T8J?ref=dlx_deals_dg_dcl_B0C2HB4T8J_dt_sl14_fc_cs&pf_rd_r=T0SGPSXCZDTG2KW5Q8PH&pf_rd_p=ff893dfe-5c61-4030-937b-47b39a1c58fc
https://www.amazon.fr/dp/B0CSYKL7DS?ref=dlx_deals_dg_dcl_B0CSYKL7DS_dt_sl14_fc_cs&pf_rd_r=T0SGPSXCZDTG2KW5Q8PH&pf_rd_p=ff893dfe-5c61-4030-937b-47b39a1c58fc
https://www.amazon.fr/dp/B0D492SDWS?ref=dlx_deals_dg_dcl_B0D492SDWS_dt_sl14_fc_cs&pf_rd_r=T0SGPSXCZDTG2KW5Q8PH&pf_rd_p=ff893dfe-5c61-4030-937b-47b39a1c58fc
https://www.amazon.fr/dp/B0DCBXLWYL?ref=dlx_deals_dg_dcl_B0DCBXLWYL_dt_sl14_fc_cs&pf_rd_r=T0SGPSXCZDTG2KW5Q8PH&pf_rd_p=ff893dfe-5c61-4030-937b-47b39a1c58fc
https://www.amazon.fr/dp/B0F9PJDC9B?ref=dlx_deals_dg_dcl_B0F9PJDC9B_dt_sl14_fc_cs&pf_rd_r=T0SGPSXCZDTG2KW5Q8PH&pf_rd_p=ff893dfe-5c61-4030-937b-47b39a1c58fc
https://www.amazon.fr/dp/B0FD8TQW94?ref=dlx_deals_dg_dcl_B0FD8TQW94_dt_sl14_fc_cs&pf_rd_r=T0SGPSXCZDTG2KW5Q8PH&pf_rd_p=ff893dfe-5c61-4030-937b-47b39a1c58fc
https://www.amazon.fr/dp/B0FD8WL4MN?ref=dlx_deals_dg_dcl_B0FD8WL4MN_dt_sl14_fc_cs&pf_rd_r=T0SGPSXCZDTG2KW5Q8PH&pf_rd_p=ff893dfe-5c61-4030-937b-47b39a1c58fc
https://www.amazon.fr/dp/B0FJKTF98D?ref=dlx_deals_dg_dcl_B0FJKTF98D_dt_sl14_fc_cs&pf_rd_r=T0SGPSXCZDTG2KW5Q8PH&pf_rd_p=ff893dfe-5c61-4030-937b-47b39a1c58fc
https://www.amazon.fr/dp/B0FJLBJSTH?ref=dlx_deals_dg_dcl_B0FJLBJSTH_dt_sl14_fc_cs&pf_rd_r=T0SGPSXCZDTG2KW5Q8PH&pf_rd_p=ff893dfe-5c61-4030-937b-47b39a1c58fc
